<?xml version="1.0" encoding="UTF-8"?>
<!-- Generated by org.testng.reporters.JUnitReportReporter -->
<testsuite hostname="DESKTOP-MA77AKD" failures="0" tests="1" name="th.test" time="5.546" errors="0" timestamp="2022-02-28T22:23:52 GMT" skipped="0">
  <testcase classname="th.test" name="se" time="5.546"/>
  <system-out/>
</testsuite> <!-- th.test -->
